<?xml version="1.0" encoding="UTF-8"?>
<testsuite name="com.example.jpatest.JpaTestApplicationTests" tests="1" skipped="0" failures="0" errors="0" timestamp="2021-12-27T08:52:07" hostname="DESKTOP-9G18815" time="0.051">
  <properties/>
  <testcase name="contextLoads()" classname="com.example.jpatest.JpaTestApplicationTests" time="0.051"/>
  <system-out><![CDATA[17:52:04.700 [Test worker] DEBUG org.springframework.test.context.BootstrapUtils - Instantiating CacheAwareContextLoaderDelegate from class [org.springframework.test.context.cache.DefaultCacheAwareContextLoaderDelegate]
17:52:04.709 [Test worker] DEBUG org.springframework.test.context.BootstrapUtils - Instantiating BootstrapContext using constructor [public org.springframework.test.context.support.DefaultBootstrapContext(java.lang.Class,org.springframework.test.context.CacheAwareContextLoaderDelegate)]
17:52:04.737 [Test worker] DEBUG org.springframework.test.context.BootstrapUtils - Instantiating TestContextBootstrapper for test class [com.example.jpatest.JpaTestApplicationTests] from class [org.springframework.boot.test.context.SpringBootTestContextBootstrapper]
17:52:04.747 [Test worker] INFO org.springframework.boot.test.context.SpringBootTestContextBootstrapper - Neither @ContextConfiguration nor @ContextHierarchy found for test class [com.example.jpatest.JpaTestApplicationTests], using SpringBootContextLoader
17:52:04.750 [Test worker] DEBUG org.springframework.test.context.support.AbstractContextLoader - Did not detect default resource location for test class [com.example.jpatest.JpaTestApplicationTests]: class path resource [com/example/jpatest/JpaTestApplicationTests-context.xml] does not exist
17:52:04.750 [Test worker] DEBUG org.springframework.test.context.support.AbstractContextLoader - Did not detect default resource location for test class [com.example.jpatest.JpaTestApplicationTests]: class path resource [com/example/jpatest/JpaTestApplicationTestsContext.groovy] does not exist
17:52:04.750 [Test worker] INFO org.springframework.test.context.support.AbstractContextLoader - Could not detect default resource locations for test class [com.example.jpatest.JpaTestApplicationTests]: no resource found for suffixes {-context.xml, Context.groovy}.
17:52:04.751 [Test worker] INFO org.springframework.test.context.support.AnnotationConfigContextLoaderUtils - Could not detect default configuration classes for test class [com.example.jpatest.JpaTestApplicationTests]: JpaTestApplicationTests does not declare any static, non-private, non-final, nested classes annotated with @Configuration.
17:52:04.784 [Test worker] DEBUG org.springframework.test.context.support.ActiveProfilesUtils - Could not find an 'annotation declaring class' for annotation type [org.springframework.test.context.ActiveProfiles] and class [com.example.jpatest.JpaTestApplicationTests]
17:52:04.830 [Test worker] DEBUG org.springframework.context.annotation.ClassPathScanningCandidateComponentProvider - Identified candidate component class: file [C:\dev\workspace-intelij\jpaTest\build\classes\java\main\com\example\jpatest\JpaTestApplication.class]
17:52:04.834 [Test worker] INFO org.springframework.boot.test.context.SpringBootTestContextBootstrapper - Found @SpringBootConfiguration com.example.jpatest.JpaTestApplication for test class com.example.jpatest.JpaTestApplicationTests
17:52:04.914 [Test worker] DEBUG org.springframework.boot.test.context.SpringBootTestContextBootstrapper - @TestExecutionListeners is not present for class [com.example.jpatest.JpaTestApplicationTests]: using defaults.
17:52:04.915 [Test worker] INFO org.springframework.boot.test.context.SpringBootTestContextBootstrapper - Loaded default TestExecutionListener class names from location [META-INF/spring.factories]: [org.springframework.boot.test.autoconfigure.restdocs.RestDocsTestExecutionListener, org.springframework.boot.test.autoconfigure.web.client.MockRestServiceServerResetTestExecutionListener, org.springframework.boot.test.autoconfigure.web.servlet.MockMvcPrintOnlyOnFailureTestExecutionListener, org.springframework.boot.test.autoconfigure.web.servlet.WebDriverTestExecutionListener, org.springframework.boot.test.autoconfigure.webservices.client.MockWebServiceServerTestExecutionListener, org.springframework.boot.test.mock.mockito.MockitoTestExecutionListener, org.springframework.boot.test.mock.mockito.ResetMocksTestExecutionListener, org.springframework.test.context.web.ServletTestExecutionListener, org.springframework.test.context.support.DirtiesContextBeforeModesTestExecutionListener, org.springframework.test.context.event.ApplicationEventsTestExecutionListener, org.springframework.test.context.support.DependencyInjectionTestExecutionListener, org.springframework.test.context.support.DirtiesContextTestExecutionListener, org.springframework.test.context.transaction.TransactionalTestExecutionListener, org.springframework.test.context.jdbc.SqlScriptsTestExecutionListener, org.springframework.test.context.event.EventPublishingTestExecutionListener]
17:52:04.930 [Test worker] INFO org.springframework.boot.test.context.SpringBootTestContextBootstrapper - Using TestExecutionListeners: [org.springframework.test.context.web.ServletTestExecutionListener@2c07545f, org.springframework.test.context.support.DirtiesContextBeforeModesTestExecutionListener@e57b96d, org.springframework.test.context.event.ApplicationEventsTestExecutionListener@32c726ee, org.springframework.boot.test.mock.mockito.MockitoTestExecutionListener@22f31dec, org.springframework.boot.test.autoconfigure.SpringBootDependencyInjectionTestExecutionListener@34c01041, org.springframework.test.context.support.DirtiesContextTestExecutionListener@76f4b65, org.springframework.test.context.transaction.TransactionalTestExecutionListener@c94fd30, org.springframework.test.context.jdbc.SqlScriptsTestExecutionListener@36328d33, org.springframework.test.context.event.EventPublishingTestExecutionListener@2c4d1ac, org.springframework.boot.test.autoconfigure.restdocs.RestDocsTestExecutionListener@7f0d96f2, org.springframework.boot.test.autoconfigure.web.client.MockRestServiceServerResetTestExecutionListener@545b995e, org.springframework.boot.test.autoconfigure.web.servlet.MockMvcPrintOnlyOnFailureTestExecutionListener@76a2ddf3, org.springframework.boot.test.autoconfigure.web.servlet.WebDriverTestExecutionListener@524f3b3a, org.springframework.boot.test.autoconfigure.webservices.client.MockWebServiceServerTestExecutionListener@41e68d87, org.springframework.boot.test.mock.mockito.ResetMocksTestExecutionListener@49ff7d8c]
17:52:04.932 [Test worker] DEBUG org.springframework.test.context.support.AbstractDirtiesContextTestExecutionListener - Before test class: context [DefaultTestContext@528c868 testClass = JpaTestApplicationTests, testInstance = [null], testMethod = [null], testException = [null], mergedContextConfiguration = [WebMergedContextConfiguration@466276d8 testClass = JpaTestApplicationTests, locations = '{}', classes = '{class com.example.jpatest.JpaTestApplication}', contextInitializerClasses = '[]', activeProfiles = '{}', propertySourceLocations = '{}', propertySourceProperties = '{org.springframework.boot.test.context.SpringBootTestContextBootstrapper=true}', contextCustomizers = set[org.springframework.boot.test.autoconfigure.actuate.metrics.MetricsExportContextCustomizerFactory$DisableMetricExportContextCustomizer@909217e, org.springframework.boot.test.autoconfigure.properties.PropertyMappingContextCustomizer@0, org.springframework.boot.test.autoconfigure.web.servlet.WebDriverContextCustomizerFactory$Customizer@1caa0244, org.springframework.boot.test.context.filter.ExcludeFilterContextCustomizer@268f106e, org.springframework.boot.test.json.DuplicateJsonObjectContextCustomizerFactory$DuplicateJsonObjectContextCustomizer@6c284af, org.springframework.boot.test.mock.mockito.MockitoContextCustomizer@0, org.springframework.boot.test.web.client.TestRestTemplateContextCustomizer@43df23d3, org.springframework.boot.test.context.SpringBootTestArgs@1, org.springframework.boot.test.context.SpringBootTestWebEnvironment@29176cc1], resourceBasePath = 'src/main/webapp', contextLoader = 'org.springframework.boot.test.context.SpringBootContextLoader', parent = [null]], attributes = map['org.springframework.test.context.web.ServletTestExecutionListener.activateListener' -> true]], class annotated with @DirtiesContext [false] with mode [null].
17:52:04.965 [Test worker] DEBUG org.springframework.boot.ApplicationServletEnvironment - Activating profiles []
17:52:04.966 [Test worker] DEBUG org.springframework.test.context.support.TestPropertySourceUtils - Adding inlined properties to environment: {spring.jmx.enabled=false, org.springframework.boot.test.context.SpringBootTestContextBootstrapper=true}

  .   ____          _            __ _ _
 /\\ / ___'_ __ _ _(_)_ __  __ _ \ \ \ \
( ( )\___ | '_ | '_| | '_ \/ _` | \ \ \ \
 \\/  ___)| |_)| | | | | || (_| |  ) ) ) )
  '  |____| .__|_| |_|_| |_\__, | / / / /
 =========|_|==============|___/=/_/_/_/
 :: Spring Boot ::                (v2.6.2)

2021-12-27 17:52:05.221  INFO 17036 --- [    Test worker] c.e.jpatest.JpaTestApplicationTests      : Starting JpaTestApplicationTests using Java 1.8.0_202 on DESKTOP-9G18815 with PID 17036 (started by IP-LJH in C:\dev\workspace-intelij\jpaTest)
2021-12-27 17:52:05.222  INFO 17036 --- [    Test worker] c.e.jpatest.JpaTestApplicationTests      : No active profile set, falling back to default profiles: default
2021-12-27 17:52:05.651  INFO 17036 --- [    Test worker] .s.d.r.c.RepositoryConfigurationDelegate : Bootstrapping Spring Data JPA repositories in DEFAULT mode.
2021-12-27 17:52:05.663  INFO 17036 --- [    Test worker] .s.d.r.c.RepositoryConfigurationDelegate : Finished Spring Data repository scanning in 5 ms. Found 0 JPA repository interfaces.
2021-12-27 17:52:06.049  INFO 17036 --- [    Test worker] o.hibernate.jpa.internal.util.LogHelper  : HHH000204: Processing PersistenceUnitInfo [name: default]
2021-12-27 17:52:06.143  INFO 17036 --- [    Test worker] org.hibernate.Version                    : HHH000412: Hibernate ORM core version 5.6.3.Final
2021-12-27 17:52:06.268  INFO 17036 --- [    Test worker] o.hibernate.annotations.common.Version   : HCANN000001: Hibernate Commons Annotations {5.1.2.Final}
2021-12-27 17:52:06.353  INFO 17036 --- [    Test worker] com.zaxxer.hikari.HikariDataSource       : HikariPool-1 - Starting...
2021-12-27 17:52:06.402  INFO 17036 --- [    Test worker] com.zaxxer.hikari.HikariDataSource       : HikariPool-1 - Start completed.
2021-12-27 17:52:06.429  INFO 17036 --- [    Test worker] org.hibernate.dialect.Dialect            : HHH000400: Using dialect: org.hibernate.dialect.H2Dialect
2021-12-27 17:52:06.834 DEBUG 17036 --- [    Test worker] org.hibernate.SQL                        : 
    
    drop table if exists member CASCADE 
2021-12-27 17:52:06.837 DEBUG 17036 --- [    Test worker] org.hibernate.SQL                        : 
    
    drop sequence if exists hibernate_sequence
2021-12-27 17:52:06.839 DEBUG 17036 --- [    Test worker] org.hibernate.SQL                        : create sequence hibernate_sequence start with 1 increment by 1
2021-12-27 17:52:06.840 DEBUG 17036 --- [    Test worker] org.hibernate.SQL                        : 
    
    create table member (
       id bigint not null,
        username varchar(255),
        primary key (id)
    )
2021-12-27 17:52:06.842  INFO 17036 --- [    Test worker] o.h.e.t.j.p.i.JtaPlatformInitiator       : HHH000490: Using JtaPlatform implementation: [org.hibernate.engine.transaction.jta.platform.internal.NoJtaPlatform]
2021-12-27 17:52:06.848  INFO 17036 --- [    Test worker] j.LocalContainerEntityManagerFactoryBean : Initialized JPA EntityManagerFactory for persistence unit 'default'
2021-12-27 17:52:07.039  WARN 17036 --- [    Test worker] JpaBaseConfiguration$JpaWebConfiguration : spring.jpa.open-in-view is enabled by default. Therefore, database queries may be performed during view rendering. Explicitly configure spring.jpa.open-in-view to disable this warning
2021-12-27 17:52:07.544  INFO 17036 --- [    Test worker] c.e.jpatest.JpaTestApplicationTests      : Started JpaTestApplicationTests in 2.577 seconds (JVM running for 3.422)
]]></system-out>
  <system-err><![CDATA[]]></system-err>
</testsuite>
